2022-03-30 22:52:19.278  INFO 16252 --- [http-nio-8080-exec-2] o.a.c.c.C.[.[localhost].[/ShopmeAdmin]   : Initializing Spring DispatcherServlet 'dispatcherServlet'
2022-03-30 22:52:19.305  INFO 16252 --- [http-nio-8080-exec-2] o.s.web.servlet.DispatcherServlet        : Initializing Servlet 'dispatcherServlet'
2022-03-30 22:52:19.403  INFO 16252 --- [http-nio-8080-exec-2] o.s.web.servlet.DispatcherServlet        : Completed initialization in 98 ms
2022-03-30 23:22:29.708  INFO 16252 --- [RMI TCP Connection(510)-127.0.0.1] inMXBeanRegistrar$SpringApplicationAdmin : Application shutdown requested.
2022-03-30 23:22:29.917  INFO 16252 --- [RMI TCP Connection(510)-127.0.0.1] j.LocalContainerEntityManagerFactoryBean : Closing JPA EntityManagerFactory for persistence unit 'default'
2022-03-30 23:22:29.944  INFO 16252 --- [RMI TCP Connection(510)-127.0.0.1] com.zaxxer.hikari.HikariDataSource       : HikariPool-26 - Shutdown initiated...
2022-03-30 23:22:29.949  INFO 16252 --- [RMI TCP Connection(510)-127.0.0.1] com.zaxxer.hikari.HikariDataSource       : HikariPool-26 - Shutdown completed.
2022-03-31 19:18:11.463  INFO 5944 --- [restartedMain] c.amazon.admin.ShopmeBackEndApplication  : Starting ShopmeBackEndApplication using Java 17.0.1 on LAPTOP-V2S0O4IS with PID 5944 (D:\ArunWorkspace\ShoppingCartApplication_workspace\ShopmeProject\ShopmeWebParent\ShopmeBackEnd\target\classes started by arunk in D:\ArunWorkspace\ShoppingCartApplication_workspace\ShopmeProject\ShopmeWebParent\ShopmeBackEnd)
2022-03-31 19:18:11.467  INFO 5944 --- [restartedMain] c.amazon.admin.ShopmeBackEndApplication  : No active profile set, falling back to default profiles: default
2022-03-31 19:18:11.511  INFO 5944 --- [restartedMain] .e.DevToolsPropertyDefaultsPostProcessor : Devtools property defaults active! Set 'spring.devtools.add-properties' to 'false' to disable
2022-03-31 19:18:11.511  INFO 5944 --- [restartedMain] .e.DevToolsPropertyDefaultsPostProcessor : For additional web related logging consider setting the 'logging.level.web' property to 'DEBUG'
2022-03-31 19:18:12.232  INFO 5944 --- [restartedMain] .s.d.r.c.RepositoryConfigurationDelegate : Bootstrapping Spring Data JPA repositories in DEFAULT mode.
2022-03-31 19:18:12.353  INFO 5944 --- [restartedMain] .s.d.r.c.RepositoryConfigurationDelegate : Finished Spring Data repository scanning in 113 ms. Found 12 JPA repository interfaces.
2022-03-31 19:18:13.417  INFO 5944 --- [restartedMain] o.s.b.w.embedded.tomcat.TomcatWebServer  : Tomcat initialized with port(s): 8080 (http)
2022-03-31 19:18:13.449  INFO 5944 --- [restartedMain] o.apache.catalina.core.StandardService   : Starting service [Tomcat]
2022-03-31 19:18:13.457  INFO 5944 --- [restartedMain] org.apache.catalina.core.StandardEngine  : Starting Servlet engine: [Apache Tomcat/9.0.56]
2022-03-31 19:18:13.666  INFO 5944 --- [restartedMain] o.a.c.c.C.[.[localhost].[/ShopmeAdmin]   : Initializing Spring embedded WebApplicationContext
2022-03-31 19:18:13.666  INFO 5944 --- [restartedMain] w.s.c.ServletWebServerApplicationContext : Root WebApplicationContext: initialization completed in 2154 ms
2022-03-31 19:18:14.116  INFO 5944 --- [restartedMain] o.hibernate.jpa.internal.util.LogHelper  : HHH000204: Processing PersistenceUnitInfo [name: default]
2022-03-31 19:18:14.250  INFO 5944 --- [restartedMain] org.hibernate.Version                    : HHH000412: Hibernate ORM core version 5.4.33
2022-03-31 19:18:14.608  INFO 5944 --- [restartedMain] o.hibernate.annotations.common.Version   : HCANN000001: Hibernate Commons Annotations {5.1.2.Final}
2022-03-31 19:18:14.867  INFO 5944 --- [restartedMain] com.zaxxer.hikari.HikariDataSource       : HikariPool-1 - Starting...
2022-03-31 19:18:15.754  INFO 5944 --- [restartedMain] com.zaxxer.hikari.HikariDataSource       : HikariPool-1 - Start completed.
2022-03-31 19:18:15.794  INFO 5944 --- [restartedMain] org.hibernate.dialect.Dialect            : HHH000400: Using dialect: org.hibernate.dialect.MySQL5Dialect
2022-03-31 19:18:18.616  INFO 5944 --- [restartedMain] o.h.e.t.j.p.i.JtaPlatformInitiator       : HHH000490: Using JtaPlatform implementation: [org.hibernate.engine.transaction.jta.platform.internal.NoJtaPlatform]
2022-03-31 19:18:18.636  INFO 5944 --- [restartedMain] j.LocalContainerEntityManagerFactoryBean : Initialized JPA EntityManagerFactory for persistence unit 'default'
2022-03-31 19:18:19.841  WARN 5944 --- [restartedMain] JpaBaseConfiguration$JpaWebConfiguration : spring.jpa.open-in-view is enabled by default. Therefore, database queries may be performed during view rendering. Explicitly configure spring.jpa.open-in-view to disable this warning
2022-03-31 19:18:20.642  INFO 5944 --- [restartedMain] o.s.s.web.DefaultSecurityFilterChain     : Will secure Ant [pattern='/images/**'] with []
2022-03-31 19:18:20.642  INFO 5944 --- [restartedMain] o.s.s.web.DefaultSecurityFilterChain     : Will secure Ant [pattern='/js/**'] with []
2022-03-31 19:18:20.642  INFO 5944 --- [restartedMain] o.s.s.web.DefaultSecurityFilterChain     : Will secure Ant [pattern='/webjars/**'] with []
2022-03-31 19:18:20.699  INFO 5944 --- [restartedMain] o.s.s.web.DefaultSecurityFilterChain     : Will secure any request with [org.springframework.security.web.context.request.async.WebAsyncManagerIntegrationFilter@a0d032b, org.springframework.security.web.context.SecurityContextPersistenceFilter@4a1c6ca5, org.springframework.security.web.header.HeaderWriterFilter@24991be7, org.springframework.security.web.csrf.CsrfFilter@575269d4, org.springframework.security.web.authentication.logout.LogoutFilter@54632a2, org.springframework.security.web.authentication.UsernamePasswordAuthenticationFilter@8e9332e, org.springframework.security.web.savedrequest.RequestCacheAwareFilter@19e2b123, org.springframework.security.web.servletapi.SecurityContextHolderAwareRequestFilter@4d6094e6, org.springframework.security.web.authentication.rememberme.RememberMeAuthenticationFilter@29b4e73f, org.springframework.security.web.authentication.AnonymousAuthenticationFilter@236f9a82, org.springframework.security.web.session.SessionManagementFilter@aa2b00b, org.springframework.security.web.access.ExceptionTranslationFilter@1e1feb1c, org.springframework.security.web.access.intercept.FilterSecurityInterceptor@1017a44f]
2022-03-31 19:18:21.139  INFO 5944 --- [restartedMain] o.s.b.a.w.s.WelcomePageHandlerMapping    : Adding welcome page template: index
2022-03-31 19:18:22.082  WARN 5944 --- [restartedMain] o.s.b.d.a.OptionalLiveReloadServer       : Unable to start LiveReload server
2022-03-31 19:18:22.178  INFO 5944 --- [restartedMain] o.s.b.w.embedded.tomcat.TomcatWebServer  : Tomcat started on port(s): 8080 (http) with context path '/ShopmeAdmin'
2022-03-31 19:18:22.206  INFO 5944 --- [restartedMain] c.amazon.admin.ShopmeBackEndApplication  : Started ShopmeBackEndApplication in 11.608 seconds (JVM running for 17.748)
2022-03-31 19:18:22.387  INFO 5944 --- [http-nio-8080-exec-1] o.a.c.c.C.[.[localhost].[/ShopmeAdmin]   : Initializing Spring DispatcherServlet 'dispatcherServlet'
2022-03-31 19:18:22.387  INFO 5944 --- [http-nio-8080-exec-1] o.s.web.servlet.DispatcherServlet        : Initializing Servlet 'dispatcherServlet'
2022-03-31 19:18:22.387  INFO 5944 --- [http-nio-8080-exec-1] o.s.web.servlet.DispatcherServlet        : Completed initialization in 0 ms
2022-03-31 23:09:31.841  WARN 5944 --- [HikariPool-1 housekeeper] com.zaxxer.hikari.pool.HikariPool        : HikariPool-1 - Thread starvation or clock leap detected (housekeeper delta=2h27m40s842ms236µs700ns).
