2022-04-04 17:21:20.164 ERROR 9168 --- [restartedMain] o.h.engine.jdbc.spi.SqlExceptionHelper   : Unknown database 'shopme'
2022-04-04 17:21:20.171 ERROR 9168 --- [restartedMain] j.LocalContainerEntityManagerFactoryBean : Failed to initialize JPA EntityManagerFactory: [PersistenceUnit: default] Unable to build Hibernate SessionFactory; nested exception is org.hibernate.exception.SQLGrammarException: Unable to open JDBC Connection for DDL execution
2022-04-04 17:21:20.172  WARN 9168 --- [restartedMain] ConfigServletWebServerApplicationContext : Exception encountered during context initialization - cancelling refresh attempt: org.springframework.beans.factory.BeanCreationException: Error creating bean with name 'entityManagerFactory' defined in class path resource [org/springframework/boot/autoconfigure/orm/jpa/HibernateJpaConfiguration.class]: Invocation of init method failed; nested exception is javax.persistence.PersistenceException: [PersistenceUnit: default] Unable to build Hibernate SessionFactory; nested exception is org.hibernate.exception.SQLGrammarException: Unable to open JDBC Connection for DDL execution
2022-04-04 17:21:20.220  INFO 9168 --- [restartedMain] o.apache.catalina.core.StandardService   : Stopping service [Tomcat]
2022-04-04 17:21:20.235  INFO 9168 --- [restartedMain] ConditionEvaluationReportLoggingListener : 

Error starting ApplicationContext. To display the conditions report re-run your application with 'debug' enabled.
2022-04-04 17:21:20.245 ERROR 9168 --- [restartedMain] o.s.boot.SpringApplication               : Application run failed

org.springframework.beans.factory.BeanCreationException: Error creating bean with name 'entityManagerFactory' defined in class path resource [org/springframework/boot/autoconfigure/orm/jpa/HibernateJpaConfiguration.class]: Invocation of init method failed; nested exception is javax.persistence.PersistenceException: [PersistenceUnit: default] Unable to build Hibernate SessionFactory; nested exception is org.hibernate.exception.SQLGrammarException: Unable to open JDBC Connection for DDL execution
	at org.springframework.beans.factory.support.AbstractAutowireCapableBeanFactory.initializeBean(AbstractAutowireCapableBeanFactory.java:1804) ~[spring-beans-5.3.14.jar:5.3.14]
	at org.springframework.beans.factory.support.AbstractAutowireCapableBeanFactory.doCreateBean(AbstractAutowireCapableBeanFactory.java:620) ~[spring-beans-5.3.14.jar:5.3.14]
	at org.springframework.beans.factory.support.AbstractAutowireCapableBeanFactory.createBean(AbstractAutowireCapableBeanFactory.java:542) ~[spring-beans-5.3.14.jar:5.3.14]
	at org.springframework.beans.factory.support.AbstractBeanFactory.lambda$doGetBean$0(AbstractBeanFactory.java:335) ~[spring-beans-5.3.14.jar:5.3.14]
	at org.springframework.beans.factory.support.DefaultSingletonBeanRegistry.getSingleton(DefaultSingletonBeanRegistry.java:234) ~[spring-beans-5.3.14.jar:5.3.14]
	at org.springframework.beans.factory.support.AbstractBeanFactory.doGetBean(AbstractBeanFactory.java:333) ~[spring-beans-5.3.14.jar:5.3.14]
	at org.springframework.beans.factory.support.AbstractBeanFactory.getBean(AbstractBeanFactory.java:208) ~[spring-beans-5.3.14.jar:5.3.14]
	at org.springframework.context.support.AbstractApplicationContext.getBean(AbstractApplicationContext.java:1154) ~[spring-context-5.3.14.jar:5.3.14]
	at org.springframework.context.support.AbstractApplicationContext.finishBeanFactoryInitialization(AbstractApplicationContext.java:908) ~[spring-context-5.3.14.jar:5.3.14]
	at org.springframework.context.support.AbstractApplicationContext.refresh(AbstractApplicationContext.java:583) ~[spring-context-5.3.14.jar:5.3.14]
	at org.springframework.boot.web.servlet.context.ServletWebServerApplicationContext.refresh(ServletWebServerApplicationContext.java:145) ~[spring-boot-2.5.8.jar:2.5.8]
	at org.springframework.boot.SpringApplication.refresh(SpringApplication.java:765) ~[spring-boot-2.5.8.jar:2.5.8]
	at org.springframework.boot.SpringApplication.refreshContext(SpringApplication.java:445) ~[spring-boot-2.5.8.jar:2.5.8]
	at org.springframework.boot.SpringApplication.run(SpringApplication.java:338) ~[spring-boot-2.5.8.jar:2.5.8]
	at org.springframework.boot.SpringApplication.run(SpringApplication.java:1354) ~[spring-boot-2.5.8.jar:2.5.8]
	at org.springframework.boot.SpringApplication.run(SpringApplication.java:1343) ~[spring-boot-2.5.8.jar:2.5.8]
	at com.amazon.admin.ShopmeBackEndApplication.main(ShopmeBackEndApplication.java:12) ~[classes/:na]
	at java.base/jdk.internal.reflect.NativeMethodAccessorImpl.invoke0(Native Method) ~[na:na]
	at java.base/jdk.internal.reflect.NativeMethodAccessorImpl.invoke(NativeMethodAccessorImpl.java:64) ~[na:na]
	at java.base/jdk.internal.reflect.DelegatingMethodAccessorImpl.invoke(DelegatingMethodAccessorImpl.java:43) ~[na:na]
	at java.base/java.lang.reflect.Method.invoke(Method.java:564) ~[na:na]
	at org.springframework.boot.devtools.restart.RestartLauncher.run(RestartLauncher.java:49) ~[spring-boot-devtools-2.5.8.jar:2.5.8]
Caused by: javax.persistence.PersistenceException: [PersistenceUnit: default] Unable to build Hibernate SessionFactory; nested exception is org.hibernate.exception.SQLGrammarException: Unable to open JDBC Connection for DDL execution
	at org.springframework.orm.jpa.AbstractEntityManagerFactoryBean.buildNativeEntityManagerFactory(AbstractEntityManagerFactoryBean.java:421) ~[spring-orm-5.3.14.jar:5.3.14]
	at org.springframework.orm.jpa.AbstractEntityManagerFactoryBean.afterPropertiesSet(AbstractEntityManagerFactoryBean.java:396) ~[spring-orm-5.3.14.jar:5.3.14]
	at org.springframework.orm.jpa.LocalContainerEntityManagerFactoryBean.afterPropertiesSet(LocalContainerEntityManagerFactoryBean.java:341) ~[spring-orm-5.3.14.jar:5.3.14]
	at org.springframework.beans.factory.support.AbstractAutowireCapableBeanFactory.invokeInitMethods(AbstractAutowireCapableBeanFactory.java:1863) ~[spring-beans-5.3.14.jar:5.3.14]
	at org.springframework.beans.factory.support.AbstractAutowireCapableBeanFactory.initializeBean(AbstractAutowireCapableBeanFactory.java:1800) ~[spring-beans-5.3.14.jar:5.3.14]
	... 21 common frames omitted
Caused by: org.hibernate.exception.SQLGrammarException: Unable to open JDBC Connection for DDL execution
	at org.hibernate.exception.internal.SQLExceptionTypeDelegate.convert(SQLExceptionTypeDelegate.java:63) ~[hibernate-core-5.4.33.jar:5.4.33]
	at org.hibernate.exception.internal.StandardSQLExceptionConverter.convert(StandardSQLExceptionConverter.java:42) ~[hibernate-core-5.4.33.jar:5.4.33]
	at org.hibernate.engine.jdbc.spi.SqlExceptionHelper.convert(SqlExceptionHelper.java:113) ~[hibernate-core-5.4.33.jar:5.4.33]
	at org.hibernate.engine.jdbc.spi.SqlExceptionHelper.convert(SqlExceptionHelper.java:99) ~[hibernate-core-5.4.33.jar:5.4.33]
	at org.hibernate.resource.transaction.backend.jdbc.internal.DdlTransactionIsolatorNonJtaImpl.getIsolatedConnection(DdlTransactionIsolatorNonJtaImpl.java:69) ~[hibernate-core-5.4.33.jar:5.4.33]
	at org.hibernate.tool.schema.internal.exec.ImprovedExtractionContextImpl.getJdbcConnection(ImprovedExtractionContextImpl.java:60) ~[hibernate-core-5.4.33.jar:5.4.33]
	at org.hibernate.tool.schema.internal.exec.ImprovedExtractionContextImpl.getJdbcDatabaseMetaData(ImprovedExtractionContextImpl.java:67) ~[hibernate-core-5.4.33.jar:5.4.33]
	at org.hibernate.tool.schema.extract.internal.InformationExtractorJdbcDatabaseMetaDataImpl.getTables(InformationExtractorJdbcDatabaseMetaDataImpl.java:333) ~[hibernate-core-5.4.33.jar:5.4.33]
	at org.hibernate.tool.schema.extract.internal.DatabaseInformationImpl.getTablesInformation(DatabaseInformationImpl.java:120) ~[hibernate-core-5.4.33.jar:5.4.33]
	at org.hibernate.tool.schema.internal.GroupedSchemaMigratorImpl.performTablesMigration(GroupedSchemaMigratorImpl.java:65) ~[hibernate-core-5.4.33.jar:5.4.33]
	at org.hibernate.tool.schema.internal.AbstractSchemaMigrator.performMigration(AbstractSchemaMigrator.java:207) ~[hibernate-core-5.4.33.jar:5.4.33]
	at org.hibernate.tool.schema.internal.AbstractSchemaMigrator.doMigration(AbstractSchemaMigrator.java:114) ~[hibernate-core-5.4.33.jar:5.4.33]
	at org.hibernate.tool.schema.spi.SchemaManagementToolCoordinator.performDatabaseAction(SchemaManagementToolCoordinator.java:184) ~[hibernate-core-5.4.33.jar:5.4.33]
	at org.hibernate.tool.schema.spi.SchemaManagementToolCoordinator.process(SchemaManagementToolCoordinator.java:73) ~[hibernate-core-5.4.33.jar:5.4.33]
	at org.hibernate.internal.SessionFactoryImpl.<init>(SessionFactoryImpl.java:318) ~[hibernate-core-5.4.33.jar:5.4.33]
	at org.hibernate.boot.internal.SessionFactoryBuilderImpl.build(SessionFactoryBuilderImpl.java:468) ~[hibernate-core-5.4.33.jar:5.4.33]
	at org.hibernate.jpa.boot.internal.EntityManagerFactoryBuilderImpl.build(EntityManagerFactoryBuilderImpl.java:1259) ~[hibernate-core-5.4.33.jar:5.4.33]
	at org.springframework.orm.jpa.vendor.SpringHibernateJpaPersistenceProvider.createContainerEntityManagerFactory(SpringHibernateJpaPersistenceProvider.java:58) ~[spring-orm-5.3.14.jar:5.3.14]
	at org.springframework.orm.jpa.LocalContainerEntityManagerFactoryBean.createNativeEntityManagerFactory(LocalContainerEntityManagerFactoryBean.java:365) ~[spring-orm-5.3.14.jar:5.3.14]
	at org.springframework.orm.jpa.AbstractEntityManagerFactoryBean.buildNativeEntityManagerFactory(AbstractEntityManagerFactoryBean.java:409) ~[spring-orm-5.3.14.jar:5.3.14]
	... 25 common frames omitted
Caused by: java.sql.SQLSyntaxErrorException: Unknown database 'shopme'
	at com.mysql.cj.jdbc.exceptions.SQLError.createSQLException(SQLError.java:120) ~[mysql-connector-java-8.0.27.jar:8.0.27]
	at com.mysql.cj.jdbc.exceptions.SQLExceptionsMapping.translateException(SQLExceptionsMapping.java:122) ~[mysql-connector-java-8.0.27.jar:8.0.27]
	at com.mysql.cj.jdbc.ConnectionImpl.createNewIO(ConnectionImpl.java:828) ~[mysql-connector-java-8.0.27.jar:8.0.27]
	at com.mysql.cj.jdbc.ConnectionImpl.<init>(ConnectionImpl.java:448) ~[mysql-connector-java-8.0.27.jar:8.0.27]
	at com.mysql.cj.jdbc.ConnectionImpl.getInstance(ConnectionImpl.java:241) ~[mysql-connector-java-8.0.27.jar:8.0.27]
	at com.mysql.cj.jdbc.NonRegisteringDriver.connect(NonRegisteringDriver.java:198) ~[mysql-connector-java-8.0.27.jar:8.0.27]
	at com.zaxxer.hikari.util.DriverDataSource.getConnection(DriverDataSource.java:138) ~[HikariCP-4.0.3.jar:na]
	at com.zaxxer.hikari.pool.PoolBase.newConnection(PoolBase.java:364) ~[HikariCP-4.0.3.jar:na]
	at com.zaxxer.hikari.pool.PoolBase.newPoolEntry(PoolBase.java:206) ~[HikariCP-4.0.3.jar:na]
	at com.zaxxer.hikari.pool.HikariPool.createPoolEntry(HikariPool.java:476) ~[HikariCP-4.0.3.jar:na]
	at com.zaxxer.hikari.pool.HikariPool.checkFailFast(HikariPool.java:561) ~[HikariCP-4.0.3.jar:na]
	at com.zaxxer.hikari.pool.HikariPool.<init>(HikariPool.java:115) ~[HikariCP-4.0.3.jar:na]
	at com.zaxxer.hikari.HikariDataSource.getConnection(HikariDataSource.java:112) ~[HikariCP-4.0.3.jar:na]
	at org.hibernate.engine.jdbc.connections.internal.DatasourceConnectionProviderImpl.getConnection(DatasourceConnectionProviderImpl.java:122) ~[hibernate-core-5.4.33.jar:5.4.33]
	at org.hibernate.engine.jdbc.env.internal.JdbcEnvironmentInitiator$ConnectionProviderJdbcConnectionAccess.obtainConnection(JdbcEnvironmentInitiator.java:180) ~[hibernate-core-5.4.33.jar:5.4.33]
	at org.hibernate.resource.transaction.backend.jdbc.internal.DdlTransactionIsolatorNonJtaImpl.getIsolatedConnection(DdlTransactionIsolatorNonJtaImpl.java:43) ~[hibernate-core-5.4.33.jar:5.4.33]
	... 40 common frames omitted

2022-04-04 17:22:00.252  INFO 3880 --- [restartedMain] c.amazon.admin.ShopmeBackEndApplication  : Starting ShopmeBackEndApplication using Java 15.0.1 on LAPTOP-V2S0O4IS with PID 3880 (D:\ArunWorkspace\ShoppingCartApplication_workspace\ShopmeProject\ShopmeWebParent\ShopmeBackEnd\target\classes started by arunk in D:\ArunWorkspace\ShoppingCartApplication_workspace\ShopmeProject\ShopmeWebParent\ShopmeBackEnd)
2022-04-04 17:22:00.253  INFO 3880 --- [restartedMain] c.amazon.admin.ShopmeBackEndApplication  : No active profile set, falling back to default profiles: default
2022-04-04 17:22:00.278  INFO 3880 --- [restartedMain] .e.DevToolsPropertyDefaultsPostProcessor : Devtools property defaults active! Set 'spring.devtools.add-properties' to 'false' to disable
2022-04-04 17:22:00.278  INFO 3880 --- [restartedMain] .e.DevToolsPropertyDefaultsPostProcessor : For additional web related logging consider setting the 'logging.level.web' property to 'DEBUG'
2022-04-04 17:22:00.705  INFO 3880 --- [restartedMain] .s.d.r.c.RepositoryConfigurationDelegate : Bootstrapping Spring Data JPA repositories in DEFAULT mode.
2022-04-04 17:22:00.761  INFO 3880 --- [restartedMain] .s.d.r.c.RepositoryConfigurationDelegate : Finished Spring Data repository scanning in 50 ms. Found 12 JPA repository interfaces.
2022-04-04 17:22:01.169  INFO 3880 --- [restartedMain] o.s.b.w.embedded.tomcat.TomcatWebServer  : Tomcat initialized with port(s): 8080 (http)
2022-04-04 17:22:01.175  INFO 3880 --- [restartedMain] o.apache.catalina.core.StandardService   : Starting service [Tomcat]
2022-04-04 17:22:01.175  INFO 3880 --- [restartedMain] org.apache.catalina.core.StandardEngine  : Starting Servlet engine: [Apache Tomcat/9.0.56]
2022-04-04 17:22:01.235  INFO 3880 --- [restartedMain] o.a.c.c.C.[Tomcat].[localhost].[/]       : Initializing Spring embedded WebApplicationContext
2022-04-04 17:22:01.236  INFO 3880 --- [restartedMain] w.s.c.ServletWebServerApplicationContext : Root WebApplicationContext: initialization completed in 958 ms
2022-04-04 17:22:01.396  INFO 3880 --- [restartedMain] o.hibernate.jpa.internal.util.LogHelper  : HHH000204: Processing PersistenceUnitInfo [name: default]
2022-04-04 17:22:01.437  INFO 3880 --- [restartedMain] org.hibernate.Version                    : HHH000412: Hibernate ORM core version 5.4.33
2022-04-04 17:22:01.539  INFO 3880 --- [restartedMain] o.hibernate.annotations.common.Version   : HCANN000001: Hibernate Commons Annotations {5.1.2.Final}
2022-04-04 17:22:01.631  INFO 3880 --- [restartedMain] com.zaxxer.hikari.HikariDataSource       : HikariPool-1 - Starting...
2022-04-04 17:22:05.259  INFO 3880 --- [restartedMain] com.zaxxer.hikari.HikariDataSource       : HikariPool-1 - Start completed.
2022-04-04 17:22:05.279  INFO 3880 --- [restartedMain] org.hibernate.dialect.Dialect            : HHH000400: Using dialect: org.hibernate.dialect.MySQL5Dialect
2022-04-04 17:22:54.371  INFO 3880 --- [restartedMain] o.h.e.t.j.p.i.JtaPlatformInitiator       : HHH000490: Using JtaPlatform implementation: [org.hibernate.engine.transaction.jta.platform.internal.NoJtaPlatform]
2022-04-04 17:22:54.389  INFO 3880 --- [restartedMain] j.LocalContainerEntityManagerFactoryBean : Initialized JPA EntityManagerFactory for persistence unit 'default'
2022-04-04 17:22:54.824  WARN 3880 --- [restartedMain] JpaBaseConfiguration$JpaWebConfiguration : spring.jpa.open-in-view is enabled by default. Therefore, database queries may be performed during view rendering. Explicitly configure spring.jpa.open-in-view to disable this warning
2022-04-04 17:22:55.196  INFO 3880 --- [restartedMain] o.s.s.web.DefaultSecurityFilterChain     : Will secure Ant [pattern='/images/**'] with []
2022-04-04 17:22:55.196  INFO 3880 --- [restartedMain] o.s.s.web.DefaultSecurityFilterChain     : Will secure Ant [pattern='/js/**'] with []
2022-04-04 17:22:55.196  INFO 3880 --- [restartedMain] o.s.s.web.DefaultSecurityFilterChain     : Will secure Ant [pattern='/webjars/**'] with []
2022-04-04 17:22:55.218  INFO 3880 --- [restartedMain] o.s.s.web.DefaultSecurityFilterChain     : Will secure any request with [org.springframework.security.web.context.request.async.WebAsyncManagerIntegrationFilter@2586ce03, org.springframework.security.web.context.SecurityContextPersistenceFilter@be08e91, org.springframework.security.web.header.HeaderWriterFilter@794a4c3e, org.springframework.security.web.csrf.CsrfFilter@28a32005, org.springframework.security.web.authentication.logout.LogoutFilter@58c78647, org.springframework.security.web.authentication.UsernamePasswordAuthenticationFilter@4f6c8a93, org.springframework.security.web.savedrequest.RequestCacheAwareFilter@4a800a7a, org.springframework.security.web.servletapi.SecurityContextHolderAwareRequestFilter@be342db, org.springframework.security.web.authentication.rememberme.RememberMeAuthenticationFilter@58c09c9a, org.springframework.security.web.authentication.AnonymousAuthenticationFilter@1ef87b44, org.springframework.security.web.session.SessionManagementFilter@233e7460, org.springframework.security.web.access.ExceptionTranslationFilter@a430164, org.springframework.security.web.access.intercept.FilterSecurityInterceptor@1ec71397]
2022-04-04 17:22:55.384  INFO 3880 --- [restartedMain] o.s.b.a.w.s.WelcomePageHandlerMapping    : Adding welcome page template: index
2022-04-04 17:22:55.854  INFO 3880 --- [restartedMain] o.s.b.d.a.OptionalLiveReloadServer       : LiveReload server is running on port 35729
2022-04-04 17:22:55.902  INFO 3880 --- [restartedMain] o.s.b.w.embedded.tomcat.TomcatWebServer  : Tomcat started on port(s): 8080 (http) with context path ''
2022-04-04 17:22:55.911  INFO 3880 --- [restartedMain] c.amazon.admin.ShopmeBackEndApplication  : Started ShopmeBackEndApplication in 55.911 seconds (JVM running for 56.402)
2022-04-04 17:35:00.359  WARN 3880 --- [HikariPool-1 housekeeper] com.zaxxer.hikari.pool.HikariPool        : HikariPool-1 - Thread starvation or clock leap detected (housekeeper delta=2m24s810ms716µs800ns).
2022-04-04 17:38:07.853  INFO 3880 --- [http-nio-8080-exec-1] o.a.c.c.C.[Tomcat].[localhost].[/]       : Initializing Spring DispatcherServlet 'dispatcherServlet'
2022-04-04 17:38:07.853  INFO 3880 --- [http-nio-8080-exec-1] o.s.web.servlet.DispatcherServlet        : Initializing Servlet 'dispatcherServlet'
2022-04-04 17:38:07.870  INFO 3880 --- [http-nio-8080-exec-1] o.s.web.servlet.DispatcherServlet        : Completed initialization in 17 ms
2022-04-04 17:38:35.876  WARN 3880 --- [http-nio-8080-exec-5] com.zaxxer.hikari.pool.PoolBase          : HikariPool-1 - Failed to validate connection com.mysql.cj.jdbc.ConnectionImpl@7624d6e3 (No operations allowed after connection closed.). Possibly consider using a shorter maxLifetime value.
2022-04-04 17:38:35.880  WARN 3880 --- [http-nio-8080-exec-5] com.zaxxer.hikari.pool.PoolBase          : HikariPool-1 - Failed to validate connection com.mysql.cj.jdbc.ConnectionImpl@47361ab0 (No operations allowed after connection closed.). Possibly consider using a shorter maxLifetime value.
2022-04-04 17:38:35.888  WARN 3880 --- [http-nio-8080-exec-5] com.zaxxer.hikari.pool.PoolBase          : HikariPool-1 - Failed to validate connection com.mysql.cj.jdbc.ConnectionImpl@5f98f2cf (No operations allowed after connection closed.). Possibly consider using a shorter maxLifetime value.
2022-04-04 17:38:35.888  WARN 3880 --- [http-nio-8080-exec-5] com.zaxxer.hikari.pool.PoolBase          : HikariPool-1 - Failed to validate connection com.mysql.cj.jdbc.ConnectionImpl@57b22f02 (No operations allowed after connection closed.). Possibly consider using a shorter maxLifetime value.
2022-04-04 17:38:35.888  WARN 3880 --- [http-nio-8080-exec-5] com.zaxxer.hikari.pool.PoolBase          : HikariPool-1 - Failed to validate connection com.mysql.cj.jdbc.ConnectionImpl@c104d24 (No operations allowed after connection closed.). Possibly consider using a shorter maxLifetime value.
2022-04-04 17:38:35.896  WARN 3880 --- [http-nio-8080-exec-5] com.zaxxer.hikari.pool.PoolBase          : HikariPool-1 - Failed to validate connection com.mysql.cj.jdbc.ConnectionImpl@7b84258c (No operations allowed after connection closed.). Possibly consider using a shorter maxLifetime value.
2022-04-04 17:38:35.896  WARN 3880 --- [http-nio-8080-exec-5] com.zaxxer.hikari.pool.PoolBase          : HikariPool-1 - Failed to validate connection com.mysql.cj.jdbc.ConnectionImpl@6392beb9 (No operations allowed after connection closed.). Possibly consider using a shorter maxLifetime value.
2022-04-04 17:38:35.896  WARN 3880 --- [http-nio-8080-exec-5] com.zaxxer.hikari.pool.PoolBase          : HikariPool-1 - Failed to validate connection com.mysql.cj.jdbc.ConnectionImpl@259e57f6 (No operations allowed after connection closed.). Possibly consider using a shorter maxLifetime value.
2022-04-04 17:38:35.896  WARN 3880 --- [http-nio-8080-exec-5] com.zaxxer.hikari.pool.PoolBase          : HikariPool-1 - Failed to validate connection com.mysql.cj.jdbc.ConnectionImpl@2be9470c (No operations allowed after connection closed.). Possibly consider using a shorter maxLifetime value.
2022-04-04 17:38:35.904  WARN 3880 --- [http-nio-8080-exec-5] com.zaxxer.hikari.pool.PoolBase          : HikariPool-1 - Failed to validate connection com.mysql.cj.jdbc.ConnectionImpl@719bafb8 (No operations allowed after connection closed.). Possibly consider using a shorter maxLifetime value.
2022-04-04 17:39:59.029  INFO 3880 --- [Thread-5] j.LocalContainerEntityManagerFactoryBean : Closing JPA EntityManagerFactory for persistence unit 'default'
2022-04-04 17:39:59.033  INFO 3880 --- [Thread-5] com.zaxxer.hikari.HikariDataSource       : HikariPool-1 - Shutdown initiated...
2022-04-04 17:40:01.884  INFO 3880 --- [Thread-5] com.zaxxer.hikari.HikariDataSource       : HikariPool-1 - Shutdown completed.
2022-04-04 17:40:01.995  INFO 3880 --- [restartedMain] c.amazon.admin.ShopmeBackEndApplication  : Starting ShopmeBackEndApplication using Java 15.0.1 on LAPTOP-V2S0O4IS with PID 3880 (D:\ArunWorkspace\ShoppingCartApplication_workspace\ShopmeProject\ShopmeWebParent\ShopmeBackEnd\target\classes started by arunk in D:\ArunWorkspace\ShoppingCartApplication_workspace\ShopmeProject\ShopmeWebParent\ShopmeBackEnd)
2022-04-04 17:40:01.996  INFO 3880 --- [restartedMain] c.amazon.admin.ShopmeBackEndApplication  : No active profile set, falling back to default profiles: default
2022-04-04 17:40:02.218  INFO 3880 --- [restartedMain] .s.d.r.c.RepositoryConfigurationDelegate : Bootstrapping Spring Data JPA repositories in DEFAULT mode.
2022-04-04 17:40:02.246  INFO 3880 --- [restartedMain] .s.d.r.c.RepositoryConfigurationDelegate : Finished Spring Data repository scanning in 27 ms. Found 12 JPA repository interfaces.
2022-04-04 17:40:02.347  INFO 3880 --- [restartedMain] o.s.b.w.embedded.tomcat.TomcatWebServer  : Tomcat initialized with port(s): 8080 (http)
2022-04-04 17:40:02.347  INFO 3880 --- [restartedMain] o.apache.catalina.core.StandardService   : Starting service [Tomcat]
2022-04-04 17:40:02.347  INFO 3880 --- [restartedMain] org.apache.catalina.core.StandardEngine  : Starting Servlet engine: [Apache Tomcat/9.0.56]
2022-04-04 17:40:02.363  INFO 3880 --- [restartedMain] o.a.c.c.C.[Tomcat].[localhost].[/]       : Initializing Spring embedded WebApplicationContext
2022-04-04 17:40:02.363  INFO 3880 --- [restartedMain] w.s.c.ServletWebServerApplicationContext : Root WebApplicationContext: initialization completed in 366 ms
2022-04-04 17:40:02.372  WARN 3880 --- [restartedMain] o.a.c.c.C.[Tomcat].[localhost].[/]       : Cannot deserialize session attribute [SPRING_SECURITY_CONTEXT] for session [066109B23BECE048A5AFEED5A11C1975]
2022-04-04 17:40:02.376 ERROR 3880 --- [restartedMain] o.a.catalina.session.StandardManager     : Exception loading sessions from persistent storage

java.lang.ClassCastException: class java.io.ObjectStreamClass cannot be cast to class java.lang.String (java.io.ObjectStreamClass and java.lang.String are in module java.base of loader 'bootstrap')
	at java.base/java.io.ObjectInputStream.readTypeString(ObjectInputStream.java:1792) ~[na:na]
	at java.base/java.io.ObjectStreamClass.readNonProxy(ObjectStreamClass.java:835) ~[na:na]
	at java.base/java.io.ObjectInputStream.readClassDescriptor(ObjectInputStream.java:991) ~[na:na]
	at java.base/java.io.ObjectInputStream.readNonProxyDesc(ObjectInputStream.java:2017) ~[na:na]
	at java.base/java.io.ObjectInputStream.readClassDesc(ObjectInputStream.java:1895) ~[na:na]
	at java.base/java.io.ObjectInputStream.readOrdinaryObject(ObjectInputStream.java:2202) ~[na:na]
	at java.base/java.io.ObjectInputStream.readObject0(ObjectInputStream.java:1712) ~[na:na]
	at java.base/java.io.ObjectInputStream.readObject(ObjectInputStream.java:519) ~[na:na]
	at java.base/java.io.ObjectInputStream.readObject(ObjectInputStream.java:477) ~[na:na]
	at org.apache.catalina.session.StandardSession.doReadObject(StandardSession.java:1608) ~[tomcat-embed-core-9.0.56.jar:9.0.56]
	at org.apache.catalina.session.StandardSession.readObjectData(StandardSession.java:1050) ~[tomcat-embed-core-9.0.56.jar:9.0.56]
	at org.apache.catalina.session.StandardManager.doLoad(StandardManager.java:219) ~[tomcat-embed-core-9.0.56.jar:9.0.56]
	at org.apache.catalina.session.StandardManager.load(StandardManager.java:162) ~[tomcat-embed-core-9.0.56.jar:9.0.56]
	at org.apache.catalina.session.StandardManager.startInternal(StandardManager.java:356) ~[tomcat-embed-core-9.0.56.jar:9.0.56]
	at org.apache.catalina.util.LifecycleBase.start(LifecycleBase.java:183) ~[tomcat-embed-core-9.0.56.jar:9.0.56]
	at org.apache.catalina.core.StandardContext.startInternal(StandardContext.java:5247) ~[tomcat-embed-core-9.0.56.jar:9.0.56]
	at org.apache.catalina.util.LifecycleBase.start(LifecycleBase.java:183) ~[tomcat-embed-core-9.0.56.jar:9.0.56]
	at org.apache.catalina.core.ContainerBase$StartChild.call(ContainerBase.java:1396) ~[tomcat-embed-core-9.0.56.jar:9.0.56]
	at org.apache.catalina.core.ContainerBase$StartChild.call(ContainerBase.java:1386) ~[tomcat-embed-core-9.0.56.jar:9.0.56]
	at java.base/java.util.concurrent.FutureTask.run(FutureTask.java:264) ~[na:na]
	at org.apache.tomcat.util.threads.InlineExecutorService.execute(InlineExecutorService.java:75) ~[tomcat-embed-core-9.0.56.jar:9.0.56]
	at java.base/java.util.concurrent.AbstractExecutorService.submit(AbstractExecutorService.java:140) ~[na:na]
	at org.apache.catalina.core.ContainerBase.startInternal(ContainerBase.java:919) ~[tomcat-embed-core-9.0.56.jar:9.0.56]
	at org.apache.catalina.core.StandardHost.startInternal(StandardHost.java:835) ~[tomcat-embed-core-9.0.56.jar:9.0.56]
	at org.apache.catalina.util.LifecycleBase.start(LifecycleBase.java:183) ~[tomcat-embed-core-9.0.56.jar:9.0.56]
	at org.apache.catalina.core.ContainerBase$StartChild.call(ContainerBase.java:1396) ~[tomcat-embed-core-9.0.56.jar:9.0.56]
	at org.apache.catalina.core.ContainerBase$StartChild.call(ContainerBase.java:1386) ~[tomcat-embed-core-9.0.56.jar:9.0.56]
	at java.base/java.util.concurrent.FutureTask.run(FutureTask.java:264) ~[na:na]
	at org.apache.tomcat.util.threads.InlineExecutorService.execute(InlineExecutorService.java:75) ~[tomcat-embed-core-9.0.56.jar:9.0.56]
	at java.base/java.util.concurrent.AbstractExecutorService.submit(AbstractExecutorService.java:140) ~[na:na]
	at org.apache.catalina.core.ContainerBase.startInternal(ContainerBase.java:919) ~[tomcat-embed-core-9.0.56.jar:9.0.56]
	at org.apache.catalina.core.StandardEngine.startInternal(StandardEngine.java:263) ~[tomcat-embed-core-9.0.56.jar:9.0.56]
	at org.apache.catalina.util.LifecycleBase.start(LifecycleBase.java:183) ~[tomcat-embed-core-9.0.56.jar:9.0.56]
	at org.apache.catalina.core.StandardService.startInternal(StandardService.java:432) ~[tomcat-embed-core-9.0.56.jar:9.0.56]
	at org.apache.catalina.util.LifecycleBase.start(LifecycleBase.java:183) ~[tomcat-embed-core-9.0.56.jar:9.0.56]
	at org.apache.catalina.core.StandardServer.startInternal(StandardServer.java:927) ~[tomcat-embed-core-9.0.56.jar:9.0.56]
	at org.apache.catalina.util.LifecycleBase.start(LifecycleBase.java:183) ~[tomcat-embed-core-9.0.56.jar:9.0.56]
	at org.apache.catalina.startup.Tomcat.start(Tomcat.java:486) ~[tomcat-embed-core-9.0.56.jar:9.0.56]
	at org.springframework.boot.web.embedded.tomcat.TomcatWebServer.initialize(TomcatWebServer.java:123) ~[spring-boot-2.5.8.jar:2.5.8]
	at org.springframework.boot.web.embedded.tomcat.TomcatWebServer.<init>(TomcatWebServer.java:104) ~[spring-boot-2.5.8.jar:2.5.8]
	at org.springframework.boot.web.embedded.tomcat.TomcatServletWebServerFactory.getTomcatWebServer(TomcatServletWebServerFactory.java:450) ~[spring-boot-2.5.8.jar:2.5.8]
	at org.springframework.boot.web.embedded.tomcat.TomcatServletWebServerFactory.getWebServer(TomcatServletWebServerFactory.java:199) ~[spring-boot-2.5.8.jar:2.5.8]
	at org.springframework.boot.web.servlet.context.ServletWebServerApplicationContext.createWebServer(ServletWebServerApplicationContext.java:182) ~[spring-boot-2.5.8.jar:2.5.8]
	at org.springframework.boot.web.servlet.context.ServletWebServerApplicationContext.onRefresh(ServletWebServerApplicationContext.java:160) ~[spring-boot-2.5.8.jar:2.5.8]
	at org.springframework.context.support.AbstractApplicationContext.refresh(AbstractApplicationContext.java:577) ~[spring-context-5.3.14.jar:5.3.14]
	at org.springframework.boot.web.servlet.context.ServletWebServerApplicationContext.refresh(ServletWebServerApplicationContext.java:145) ~[spring-boot-2.5.8.jar:2.5.8]
	at org.springframework.boot.SpringApplication.refresh(SpringApplication.java:765) ~[spring-boot-2.5.8.jar:2.5.8]
	at org.springframework.boot.SpringApplication.refreshContext(SpringApplication.java:445) ~[spring-boot-2.5.8.jar:2.5.8]
	at org.springframework.boot.SpringApplication.run(SpringApplication.java:338) ~[spring-boot-2.5.8.jar:2.5.8]
	at org.springframework.boot.SpringApplication.run(SpringApplication.java:1354) ~[spring-boot-2.5.8.jar:2.5.8]
	at org.springframework.boot.SpringApplication.run(SpringApplication.java:1343) ~[spring-boot-2.5.8.jar:2.5.8]
	at com.amazon.admin.ShopmeBackEndApplication.main(ShopmeBackEndApplication.java:12) ~[classes/:na]
	at java.base/jdk.internal.reflect.NativeMethodAccessorImpl.invoke0(Native Method) ~[na:na]
	at java.base/jdk.internal.reflect.NativeMethodAccessorImpl.invoke(NativeMethodAccessorImpl.java:64) ~[na:na]
	at java.base/jdk.internal.reflect.DelegatingMethodAccessorImpl.invoke(DelegatingMethodAccessorImpl.java:43) ~[na:na]
	at java.base/java.lang.reflect.Method.invoke(Method.java:564) ~[na:na]
	at org.springframework.boot.devtools.restart.RestartLauncher.run(RestartLauncher.java:49) ~[spring-boot-devtools-2.5.8.jar:2.5.8]

2022-04-04 17:40:02.401  INFO 3880 --- [restartedMain] o.hibernate.jpa.internal.util.LogHelper  : HHH000204: Processing PersistenceUnitInfo [name: default]
2022-04-04 17:40:02.405  INFO 3880 --- [restartedMain] com.zaxxer.hikari.HikariDataSource       : HikariPool-2 - Starting...
2022-04-04 17:40:06.083  INFO 3880 --- [restartedMain] com.zaxxer.hikari.HikariDataSource       : HikariPool-2 - Start completed.
2022-04-04 17:40:06.084  INFO 3880 --- [restartedMain] org.hibernate.dialect.Dialect            : HHH000400: Using dialect: org.hibernate.dialect.MySQL5Dialect
2022-04-04 17:40:27.792  INFO 3880 --- [restartedMain] o.h.e.t.j.p.i.JtaPlatformInitiator       : HHH000490: Using JtaPlatform implementation: [org.hibernate.engine.transaction.jta.platform.internal.NoJtaPlatform]
2022-04-04 17:40:27.792  INFO 3880 --- [restartedMain] j.LocalContainerEntityManagerFactoryBean : Initialized JPA EntityManagerFactory for persistence unit 'default'
2022-04-04 17:40:27.924  WARN 3880 --- [restartedMain] JpaBaseConfiguration$JpaWebConfiguration : spring.jpa.open-in-view is enabled by default. Therefore, database queries may be performed during view rendering. Explicitly configure spring.jpa.open-in-view to disable this warning
2022-04-04 17:40:28.128  INFO 3880 --- [restartedMain] o.s.s.web.DefaultSecurityFilterChain     : Will secure Ant [pattern='/images/**'] with []
2022-04-04 17:40:28.128  INFO 3880 --- [restartedMain] o.s.s.web.DefaultSecurityFilterChain     : Will secure Ant [pattern='/js/**'] with []
2022-04-04 17:40:28.128  INFO 3880 --- [restartedMain] o.s.s.web.DefaultSecurityFilterChain     : Will secure Ant [pattern='/webjars/**'] with []
2022-04-04 17:40:28.133  INFO 3880 --- [restartedMain] o.s.s.web.DefaultSecurityFilterChain     : Will secure any request with [org.springframework.security.web.context.request.async.WebAsyncManagerIntegrationFilter@32a2d3f9, org.springframework.security.web.context.SecurityContextPersistenceFilter@4a900d90, org.springframework.security.web.header.HeaderWriterFilter@10a8e556, org.springframework.security.web.csrf.CsrfFilter@3eacdbc6, org.springframework.security.web.authentication.logout.LogoutFilter@78d99437, org.springframework.security.web.authentication.UsernamePasswordAuthenticationFilter@7b8bb8a2, org.springframework.security.web.savedrequest.RequestCacheAwareFilter@23f16532, org.springframework.security.web.servletapi.SecurityContextHolderAwareRequestFilter@74a4b64f, org.springframework.security.web.authentication.rememberme.RememberMeAuthenticationFilter@4fef7f49, org.springframework.security.web.authentication.AnonymousAuthenticationFilter@7568b270, org.springframework.security.web.session.SessionManagementFilter@123a86fa, org.springframework.security.web.access.ExceptionTranslationFilter@4c04a199, org.springframework.security.web.access.intercept.FilterSecurityInterceptor@51842a7]
2022-04-04 17:40:28.164  INFO 3880 --- [restartedMain] o.s.b.a.w.s.WelcomePageHandlerMapping    : Adding welcome page template: index
2022-04-04 17:40:28.338  INFO 3880 --- [restartedMain] o.s.b.d.a.OptionalLiveReloadServer       : LiveReload server is running on port 35729
2022-04-04 17:40:28.347  INFO 3880 --- [restartedMain] o.s.b.w.embedded.tomcat.TomcatWebServer  : Tomcat started on port(s): 8080 (http) with context path ''
2022-04-04 17:40:28.352  INFO 3880 --- [restartedMain] c.amazon.admin.ShopmeBackEndApplication  : Started ShopmeBackEndApplication in 26.38 seconds (JVM running for 1108.842)
2022-04-04 17:40:28.353  INFO 3880 --- [restartedMain] .ConditionEvaluationDeltaLoggingListener : Condition evaluation unchanged
2022-04-04 17:40:43.625  INFO 3880 --- [Thread-7] j.LocalContainerEntityManagerFactoryBean : Closing JPA EntityManagerFactory for persistence unit 'default'
2022-04-04 17:40:43.627  INFO 3880 --- [Thread-7] com.zaxxer.hikari.HikariDataSource       : HikariPool-2 - Shutdown initiated...
2022-04-04 17:40:46.326  INFO 3880 --- [Thread-7] com.zaxxer.hikari.HikariDataSource       : HikariPool-2 - Shutdown completed.
2022-04-04 17:40:46.397  INFO 3880 --- [restartedMain] c.amazon.admin.ShopmeBackEndApplication  : Starting ShopmeBackEndApplication using Java 15.0.1 on LAPTOP-V2S0O4IS with PID 3880 (D:\ArunWorkspace\ShoppingCartApplication_workspace\ShopmeProject\ShopmeWebParent\ShopmeBackEnd\target\classes started by arunk in D:\ArunWorkspace\ShoppingCartApplication_workspace\ShopmeProject\ShopmeWebParent\ShopmeBackEnd)
2022-04-04 17:40:46.397  INFO 3880 --- [restartedMain] c.amazon.admin.ShopmeBackEndApplication  : No active profile set, falling back to default profiles: default
2022-04-04 17:40:46.513  INFO 3880 --- [restartedMain] .s.d.r.c.RepositoryConfigurationDelegate : Bootstrapping Spring Data JPA repositories in DEFAULT mode.
2022-04-04 17:40:46.539  INFO 3880 --- [restartedMain] .s.d.r.c.RepositoryConfigurationDelegate : Finished Spring Data repository scanning in 24 ms. Found 12 JPA repository interfaces.
2022-04-04 17:40:46.607  INFO 3880 --- [restartedMain] o.s.b.w.embedded.tomcat.TomcatWebServer  : Tomcat initialized with port(s): 8080 (http)
2022-04-04 17:40:46.607  INFO 3880 --- [restartedMain] o.apache.catalina.core.StandardService   : Starting service [Tomcat]
2022-04-04 17:40:46.608  INFO 3880 --- [restartedMain] org.apache.catalina.core.StandardEngine  : Starting Servlet engine: [Apache Tomcat/9.0.56]
2022-04-04 17:40:46.638  INFO 3880 --- [restartedMain] o.a.c.c.C.[Tomcat].[localhost].[/]       : Initializing Spring embedded WebApplicationContext
2022-04-04 17:40:46.638  INFO 3880 --- [restartedMain] w.s.c.ServletWebServerApplicationContext : Root WebApplicationContext: initialization completed in 239 ms
2022-04-04 17:40:46.689  INFO 3880 --- [restartedMain] o.hibernate.jpa.internal.util.LogHelper  : HHH000204: Processing PersistenceUnitInfo [name: default]
2022-04-04 17:40:46.693  INFO 3880 --- [restartedMain] com.zaxxer.hikari.HikariDataSource       : HikariPool-3 - Starting...
2022-04-04 17:40:50.236  INFO 3880 --- [restartedMain] com.zaxxer.hikari.HikariDataSource       : HikariPool-3 - Start completed.
2022-04-04 17:40:50.238  INFO 3880 --- [restartedMain] org.hibernate.dialect.Dialect            : HHH000400: Using dialect: org.hibernate.dialect.MySQL5Dialect
2022-04-04 17:41:11.139  INFO 3880 --- [restartedMain] o.h.e.t.j.p.i.JtaPlatformInitiator       : HHH000490: Using JtaPlatform implementation: [org.hibernate.engine.transaction.jta.platform.internal.NoJtaPlatform]
2022-04-04 17:41:11.140  INFO 3880 --- [restartedMain] j.LocalContainerEntityManagerFactoryBean : Initialized JPA EntityManagerFactory for persistence unit 'default'
2022-04-04 17:41:11.239  WARN 3880 --- [restartedMain] JpaBaseConfiguration$JpaWebConfiguration : spring.jpa.open-in-view is enabled by default. Therefore, database queries may be performed during view rendering. Explicitly configure spring.jpa.open-in-view to disable this warning
2022-04-04 17:41:11.423  INFO 3880 --- [restartedMain] o.s.s.web.DefaultSecurityFilterChain     : Will secure Ant [pattern='/images/**'] with []
2022-04-04 17:41:11.423  INFO 3880 --- [restartedMain] o.s.s.web.DefaultSecurityFilterChain     : Will secure Ant [pattern='/js/**'] with []
2022-04-04 17:41:11.423  INFO 3880 --- [restartedMain] o.s.s.web.DefaultSecurityFilterChain     : Will secure Ant [pattern='/webjars/**'] with []
2022-04-04 17:41:11.428  INFO 3880 --- [restartedMain] o.s.s.web.DefaultSecurityFilterChain     : Will secure any request with [org.springframework.security.web.context.request.async.WebAsyncManagerIntegrationFilter@7ae7d6c0, org.springframework.security.web.context.SecurityContextPersistenceFilter@51d7891b, org.springframework.security.web.header.HeaderWriterFilter@73680c30, org.springframework.security.web.csrf.CsrfFilter@77199e10, org.springframework.security.web.authentication.logout.LogoutFilter@23fbb1e, org.springframework.security.web.authentication.UsernamePasswordAuthenticationFilter@1661cb5e, org.springframework.security.web.savedrequest.RequestCacheAwareFilter@1da9afe8, org.springframework.security.web.servletapi.SecurityContextHolderAwareRequestFilter@2e9339e1, org.springframework.security.web.authentication.rememberme.RememberMeAuthenticationFilter@14af8145, org.springframework.security.web.authentication.AnonymousAuthenticationFilter@240fc4e4, org.springframework.security.web.session.SessionManagementFilter@6a057355, org.springframework.security.web.access.ExceptionTranslationFilter@4d802657, org.springframework.security.web.access.intercept.FilterSecurityInterceptor@1ba8a3c3]
2022-04-04 17:41:11.461  INFO 3880 --- [restartedMain] o.s.b.a.w.s.WelcomePageHandlerMapping    : Adding welcome page template: index
2022-04-04 17:41:11.621  INFO 3880 --- [restartedMain] o.s.b.d.a.OptionalLiveReloadServer       : LiveReload server is running on port 35729
2022-04-04 17:41:11.629  INFO 3880 --- [restartedMain] o.s.b.w.embedded.tomcat.TomcatWebServer  : Tomcat started on port(s): 8080 (http) with context path ''
2022-04-04 17:41:11.633  INFO 3880 --- [restartedMain] c.amazon.admin.ShopmeBackEndApplication  : Started ShopmeBackEndApplication in 25.255 seconds (JVM running for 1152.124)
2022-04-04 17:41:11.635  INFO 3880 --- [restartedMain] .ConditionEvaluationDeltaLoggingListener : Condition evaluation unchanged
2022-04-04 17:43:31.978  INFO 3880 --- [http-nio-8080-exec-1] o.a.c.c.C.[Tomcat].[localhost].[/]       : Initializing Spring DispatcherServlet 'dispatcherServlet'
2022-04-04 17:43:31.979  INFO 3880 --- [http-nio-8080-exec-1] o.s.web.servlet.DispatcherServlet        : Initializing Servlet 'dispatcherServlet'
2022-04-04 17:43:31.983  INFO 3880 --- [http-nio-8080-exec-1] o.s.web.servlet.DispatcherServlet        : Completed initialization in 4 ms
2022-04-04 17:48:50.675  INFO 3880 --- [Thread-11] j.LocalContainerEntityManagerFactoryBean : Closing JPA EntityManagerFactory for persistence unit 'default'
2022-04-04 17:48:50.676  INFO 3880 --- [Thread-11] com.zaxxer.hikari.HikariDataSource       : HikariPool-3 - Shutdown initiated...
2022-04-04 17:48:51.876  INFO 3880 --- [Thread-11] com.zaxxer.hikari.HikariDataSource       : HikariPool-3 - Shutdown completed.
2022-04-04 17:48:52.024  INFO 3880 --- [restartedMain] c.amazon.admin.ShopmeBackEndApplication  : Starting ShopmeBackEndApplication using Java 15.0.1 on LAPTOP-V2S0O4IS with PID 3880 (D:\ArunWorkspace\ShoppingCartApplication_workspace\ShopmeProject\ShopmeWebParent\ShopmeBackEnd\target\classes started by arunk in D:\ArunWorkspace\ShoppingCartApplication_workspace\ShopmeProject\ShopmeWebParent\ShopmeBackEnd)
2022-04-04 17:48:52.024  INFO 3880 --- [restartedMain] c.amazon.admin.ShopmeBackEndApplication  : No active profile set, falling back to default profiles: default
2022-04-04 17:48:52.182  INFO 3880 --- [restartedMain] .s.d.r.c.RepositoryConfigurationDelegate : Bootstrapping Spring Data JPA repositories in DEFAULT mode.
2022-04-04 17:48:52.200  INFO 3880 --- [restartedMain] .s.d.r.c.RepositoryConfigurationDelegate : Finished Spring Data repository scanning in 18 ms. Found 12 JPA repository interfaces.
2022-04-04 17:48:52.293  INFO 3880 --- [restartedMain] o.s.b.w.embedded.tomcat.TomcatWebServer  : Tomcat initialized with port(s): 8080 (http)
2022-04-04 17:48:52.293  INFO 3880 --- [restartedMain] o.apache.catalina.core.StandardService   : Starting service [Tomcat]
2022-04-04 17:48:52.294  INFO 3880 --- [restartedMain] org.apache.catalina.core.StandardEngine  : Starting Servlet engine: [Apache Tomcat/9.0.56]
2022-04-04 17:48:52.316  INFO 3880 --- [restartedMain] o.a.c.c.C.[Tomcat].[localhost].[/]       : Initializing Spring embedded WebApplicationContext
2022-04-04 17:48:52.316  INFO 3880 --- [restartedMain] w.s.c.ServletWebServerApplicationContext : Root WebApplicationContext: initialization completed in 289 ms
2022-04-04 17:48:52.349  INFO 3880 --- [restartedMain] o.hibernate.jpa.internal.util.LogHelper  : HHH000204: Processing PersistenceUnitInfo [name: default]
2022-04-04 17:48:52.352  INFO 3880 --- [restartedMain] com.zaxxer.hikari.HikariDataSource       : HikariPool-4 - Starting...
2022-04-04 17:48:55.395  INFO 3880 --- [restartedMain] com.zaxxer.hikari.HikariDataSource       : HikariPool-4 - Start completed.
2022-04-04 17:48:55.397  INFO 3880 --- [restartedMain] org.hibernate.dialect.Dialect            : HHH000400: Using dialect: org.hibernate.dialect.MySQL5Dialect
2022-04-04 19:25:15.329  INFO 6492 --- [restartedMain] c.amazon.admin.ShopmeBackEndApplication  : Starting ShopmeBackEndApplication using Java 15.0.1 on LAPTOP-V2S0O4IS with PID 6492 (D:\ArunWorkspace\ShoppingCartApplication_workspace\ShopmeProject\ShopmeWebParent\ShopmeBackEnd\target\classes started by arunk in D:\ArunWorkspace\ShoppingCartApplication_workspace\ShopmeProject\ShopmeWebParent\ShopmeBackEnd)
2022-04-04 19:25:15.330  INFO 6492 --- [restartedMain] c.amazon.admin.ShopmeBackEndApplication  : No active profile set, falling back to default profiles: default
2022-04-04 19:25:15.355  INFO 6492 --- [restartedMain] .e.DevToolsPropertyDefaultsPostProcessor : Devtools property defaults active! Set 'spring.devtools.add-properties' to 'false' to disable
2022-04-04 19:25:15.356  INFO 6492 --- [restartedMain] .e.DevToolsPropertyDefaultsPostProcessor : For additional web related logging consider setting the 'logging.level.web' property to 'DEBUG'
2022-04-04 19:25:16.144  INFO 6492 --- [restartedMain] .s.d.r.c.RepositoryConfigurationDelegate : Bootstrapping Spring Data JPA repositories in DEFAULT mode.
2022-04-04 19:25:16.282  INFO 6492 --- [restartedMain] .s.d.r.c.RepositoryConfigurationDelegate : Finished Spring Data repository scanning in 121 ms. Found 12 JPA repository interfaces.
2022-04-04 19:25:16.793  INFO 6492 --- [restartedMain] o.s.b.w.embedded.tomcat.TomcatWebServer  : Tomcat initialized with port(s): 5000 (http)
2022-04-04 19:25:16.803  INFO 6492 --- [restartedMain] o.apache.catalina.core.StandardService   : Starting service [Tomcat]
2022-04-04 19:25:16.803  INFO 6492 --- [restartedMain] org.apache.catalina.core.StandardEngine  : Starting Servlet engine: [Apache Tomcat/9.0.56]
2022-04-04 19:25:16.883  INFO 6492 --- [restartedMain] o.a.c.c.C.[Tomcat].[localhost].[/]       : Initializing Spring embedded WebApplicationContext
2022-04-04 19:25:16.883  INFO 6492 --- [restartedMain] w.s.c.ServletWebServerApplicationContext : Root WebApplicationContext: initialization completed in 1527 ms
2022-04-04 19:25:17.026  INFO 6492 --- [restartedMain] o.hibernate.jpa.internal.util.LogHelper  : HHH000204: Processing PersistenceUnitInfo [name: default]
2022-04-04 19:25:17.075  INFO 6492 --- [restartedMain] org.hibernate.Version                    : HHH000412: Hibernate ORM core version 5.4.33
2022-04-04 19:25:17.200  INFO 6492 --- [restartedMain] o.hibernate.annotations.common.Version   : HCANN000001: Hibernate Commons Annotations {5.1.2.Final}
2022-04-04 19:25:17.291  INFO 6492 --- [restartedMain] com.zaxxer.hikari.HikariDataSource       : HikariPool-1 - Starting...
2022-04-04 19:25:21.396  INFO 6492 --- [restartedMain] com.zaxxer.hikari.HikariDataSource       : HikariPool-1 - Start completed.
2022-04-04 19:25:21.474  INFO 6492 --- [restartedMain] org.hibernate.dialect.Dialect            : HHH000400: Using dialect: org.hibernate.dialect.MySQL5Dialect
2022-04-04 19:25:44.638  INFO 6492 --- [restartedMain] o.h.e.t.j.p.i.JtaPlatformInitiator       : HHH000490: Using JtaPlatform implementation: [org.hibernate.engine.transaction.jta.platform.internal.NoJtaPlatform]
2022-04-04 19:25:44.654  INFO 6492 --- [restartedMain] j.LocalContainerEntityManagerFactoryBean : Initialized JPA EntityManagerFactory for persistence unit 'default'
2022-04-04 19:25:45.126  WARN 6492 --- [restartedMain] JpaBaseConfiguration$JpaWebConfiguration : spring.jpa.open-in-view is enabled by default. Therefore, database queries may be performed during view rendering. Explicitly configure spring.jpa.open-in-view to disable this warning
2022-04-04 19:25:45.484  INFO 6492 --- [restartedMain] o.s.s.web.DefaultSecurityFilterChain     : Will secure Ant [pattern='/images/**'] with []
2022-04-04 19:25:45.485  INFO 6492 --- [restartedMain] o.s.s.web.DefaultSecurityFilterChain     : Will secure Ant [pattern='/js/**'] with []
2022-04-04 19:25:45.485  INFO 6492 --- [restartedMain] o.s.s.web.DefaultSecurityFilterChain     : Will secure Ant [pattern='/webjars/**'] with []
2022-04-04 19:25:45.510  INFO 6492 --- [restartedMain] o.s.s.web.DefaultSecurityFilterChain     : Will secure any request with [org.springframework.security.web.context.request.async.WebAsyncManagerIntegrationFilter@591fd637, org.springframework.security.web.context.SecurityContextPersistenceFilter@b6a9bb5, org.springframework.security.web.header.HeaderWriterFilter@2499dbfb, org.springframework.security.web.csrf.CsrfFilter@21d5fc88, org.springframework.security.web.authentication.logout.LogoutFilter@5497e1d9, org.springframework.security.web.authentication.UsernamePasswordAuthenticationFilter@4fd524a8, org.springframework.security.web.savedrequest.RequestCacheAwareFilter@4bb9922d, org.springframework.security.web.servletapi.SecurityContextHolderAwareRequestFilter@68875e28, org.springframework.security.web.authentication.rememberme.RememberMeAuthenticationFilter@38517648, org.springframework.security.web.authentication.AnonymousAuthenticationFilter@6bd814a4, org.springframework.security.web.session.SessionManagementFilter@32b7dc67, org.springframework.security.web.access.ExceptionTranslationFilter@4b0e377a, org.springframework.security.web.access.intercept.FilterSecurityInterceptor@4a3f869a]
2022-04-04 19:25:45.687  INFO 6492 --- [restartedMain] o.s.b.a.w.s.WelcomePageHandlerMapping    : Adding welcome page template: index
2022-04-04 19:25:46.105  INFO 6492 --- [restartedMain] o.s.b.d.a.OptionalLiveReloadServer       : LiveReload server is running on port 35729
2022-04-04 19:25:46.150  INFO 6492 --- [restartedMain] o.s.b.w.embedded.tomcat.TomcatWebServer  : Tomcat started on port(s): 5000 (http) with context path ''
2022-04-04 19:25:46.158  INFO 6492 --- [restartedMain] c.amazon.admin.ShopmeBackEndApplication  : Started ShopmeBackEndApplication in 31.048 seconds (JVM running for 31.621)
2022-04-04 19:26:36.088  INFO 6492 --- [http-nio-5000-exec-1] o.a.c.c.C.[Tomcat].[localhost].[/]       : Initializing Spring DispatcherServlet 'dispatcherServlet'
2022-04-04 19:26:36.088  INFO 6492 --- [http-nio-5000-exec-1] o.s.web.servlet.DispatcherServlet        : Initializing Servlet 'dispatcherServlet'
2022-04-04 19:26:36.088  INFO 6492 --- [http-nio-5000-exec-1] o.s.web.servlet.DispatcherServlet        : Completed initialization in 0 ms
2022-04-04 19:39:27.977  WARN 6492 --- [HikariPool-1 housekeeper] com.zaxxer.hikari.pool.HikariPool        : HikariPool-1 - Thread starvation or clock leap detected (housekeeper delta=6m6s325ms583µs300ns).
2022-04-04 20:31:03.214  WARN 6492 --- [HikariPool-1 housekeeper] com.zaxxer.hikari.pool.HikariPool        : HikariPool-1 - Thread starvation or clock leap detected (housekeeper delta=24m34s915ms121µs200ns).
2022-04-04 20:36:44.556  INFO 6492 --- [Thread-5] j.LocalContainerEntityManagerFactoryBean : Closing JPA EntityManagerFactory for persistence unit 'default'
2022-04-04 20:36:44.590  INFO 6492 --- [Thread-5] com.zaxxer.hikari.HikariDataSource       : HikariPool-1 - Shutdown initiated...
2022-04-04 20:36:45.462  INFO 6492 --- [Thread-5] com.zaxxer.hikari.HikariDataSource       : HikariPool-1 - Shutdown completed.
2022-04-04 20:36:45.778  INFO 6492 --- [restartedMain] c.amazon.admin.ShopmeBackEndApplication  : Starting ShopmeBackEndApplication using Java 15.0.1 on LAPTOP-V2S0O4IS with PID 6492 (D:\ArunWorkspace\ShoppingCartApplication_workspace\ShopmeProject\ShopmeWebParent\ShopmeBackEnd\target\classes started by arunk in D:\ArunWorkspace\ShoppingCartApplication_workspace\ShopmeProject\ShopmeWebParent\ShopmeBackEnd)
2022-04-04 20:36:45.779  INFO 6492 --- [restartedMain] c.amazon.admin.ShopmeBackEndApplication  : No active profile set, falling back to default profiles: default
2022-04-04 20:36:45.938  INFO 6492 --- [restartedMain] .s.d.r.c.RepositoryConfigurationDelegate : Bootstrapping Spring Data JPA repositories in DEFAULT mode.
2022-04-04 20:36:45.970  INFO 6492 --- [restartedMain] .s.d.r.c.RepositoryConfigurationDelegate : Finished Spring Data repository scanning in 31 ms. Found 12 JPA repository interfaces.
2022-04-04 20:36:46.147  INFO 6492 --- [restartedMain] o.s.b.w.embedded.tomcat.TomcatWebServer  : Tomcat initialized with port(s): 5000 (http)
2022-04-04 20:36:46.148  INFO 6492 --- [restartedMain] o.apache.catalina.core.StandardService   : Starting service [Tomcat]
2022-04-04 20:36:46.148  INFO 6492 --- [restartedMain] org.apache.catalina.core.StandardEngine  : Starting Servlet engine: [Apache Tomcat/9.0.56]
2022-04-04 20:36:46.168  INFO 6492 --- [restartedMain] o.a.c.c.C.[Tomcat].[localhost].[/]       : Initializing Spring embedded WebApplicationContext
2022-04-04 20:36:46.169  INFO 6492 --- [restartedMain] w.s.c.ServletWebServerApplicationContext : Root WebApplicationContext: initialization completed in 388 ms
2022-04-04 20:36:46.180  WARN 6492 --- [restartedMain] o.a.c.c.C.[Tomcat].[localhost].[/]       : Cannot deserialize session attribute [SPRING_SECURITY_CONTEXT] for session [697B55A815FA38B5CDABC6F55E9CCAF9]
2022-04-04 20:36:46.186 ERROR 6492 --- [restartedMain] o.a.catalina.session.StandardManager     : Exception loading sessions from persistent storage

java.io.StreamCorruptedException: invalid type code: 00
	at java.base/java.io.ObjectInputStream.readObject0(ObjectInputStream.java:1743) ~[na:na]
	at java.base/java.io.ObjectInputStream.defaultReadFields(ObjectInputStream.java:2540) ~[na:na]
	at java.base/java.io.ObjectInputStream.defaultReadObject(ObjectInputStream.java:655) ~[na:na]
	at java.base/java.lang.Throwable.readObject(Throwable.java:909) ~[na:na]
	at java.base/jdk.internal.reflect.NativeMethodAccessorImpl.invoke0(Native Method) ~[na:na]
	at java.base/jdk.internal.reflect.NativeMethodAccessorImpl.invoke(NativeMethodAccessorImpl.java:64) ~[na:na]
	at java.base/jdk.internal.reflect.DelegatingMethodAccessorImpl.invoke(DelegatingMethodAccessorImpl.java:43) ~[na:na]
	at java.base/java.lang.reflect.Method.invoke(Method.java:564) ~[na:na]
	at java.base/java.io.ObjectStreamClass.invokeReadObject(ObjectStreamClass.java:1226) ~[na:na]
	at java.base/java.io.ObjectInputStream.readSerialData(ObjectInputStream.java:2401) ~[na:na]
	at java.base/java.io.ObjectInputStream.readOrdinaryObject(ObjectInputStream.java:2235) ~[na:na]
	at java.base/java.io.ObjectInputStream.readObject0(ObjectInputStream.java:1712) ~[na:na]
	at java.base/java.io.ObjectInputStream.readObject(ObjectInputStream.java:519) ~[na:na]
	at java.base/java.io.ObjectInputStream.readObject(ObjectInputStream.java:477) ~[na:na]
	at org.apache.catalina.session.StandardSession.doReadObject(StandardSession.java:1564) ~[tomcat-embed-core-9.0.56.jar:9.0.56]
	at org.apache.catalina.session.StandardSession.readObjectData(StandardSession.java:1050) ~[tomcat-embed-core-9.0.56.jar:9.0.56]
	at org.apache.catalina.session.StandardManager.doLoad(StandardManager.java:219) ~[tomcat-embed-core-9.0.56.jar:9.0.56]
	at org.apache.catalina.session.StandardManager.load(StandardManager.java:162) ~[tomcat-embed-core-9.0.56.jar:9.0.56]
	at org.apache.catalina.session.StandardManager.startInternal(StandardManager.java:356) ~[tomcat-embed-core-9.0.56.jar:9.0.56]
	at org.apache.catalina.util.LifecycleBase.start(LifecycleBase.java:183) ~[tomcat-embed-core-9.0.56.jar:9.0.56]
	at org.apache.catalina.core.StandardContext.startInternal(StandardContext.java:5247) ~[tomcat-embed-core-9.0.56.jar:9.0.56]
	at org.apache.catalina.util.LifecycleBase.start(LifecycleBase.java:183) ~[tomcat-embed-core-9.0.56.jar:9.0.56]
	at org.apache.catalina.core.ContainerBase$StartChild.call(ContainerBase.java:1396) ~[tomcat-embed-core-9.0.56.jar:9.0.56]
	at org.apache.catalina.core.ContainerBase$StartChild.call(ContainerBase.java:1386) ~[tomcat-embed-core-9.0.56.jar:9.0.56]
	at java.base/java.util.concurrent.FutureTask.run(FutureTask.java:264) ~[na:na]
	at org.apache.tomcat.util.threads.InlineExecutorService.execute(InlineExecutorService.java:75) ~[tomcat-embed-core-9.0.56.jar:9.0.56]
	at java.base/java.util.concurrent.AbstractExecutorService.submit(AbstractExecutorService.java:140) ~[na:na]
	at org.apache.catalina.core.ContainerBase.startInternal(ContainerBase.java:919) ~[tomcat-embed-core-9.0.56.jar:9.0.56]
	at org.apache.catalina.core.StandardHost.startInternal(StandardHost.java:835) ~[tomcat-embed-core-9.0.56.jar:9.0.56]
	at org.apache.catalina.util.LifecycleBase.start(LifecycleBase.java:183) ~[tomcat-embed-core-9.0.56.jar:9.0.56]
	at org.apache.catalina.core.ContainerBase$StartChild.call(ContainerBase.java:1396) ~[tomcat-embed-core-9.0.56.jar:9.0.56]
	at org.apache.catalina.core.ContainerBase$StartChild.call(ContainerBase.java:1386) ~[tomcat-embed-core-9.0.56.jar:9.0.56]
	at java.base/java.util.concurrent.FutureTask.run(FutureTask.java:264) ~[na:na]
	at org.apache.tomcat.util.threads.InlineExecutorService.execute(InlineExecutorService.java:75) ~[tomcat-embed-core-9.0.56.jar:9.0.56]
	at java.base/java.util.concurrent.AbstractExecutorService.submit(AbstractExecutorService.java:140) ~[na:na]
	at org.apache.catalina.core.ContainerBase.startInternal(ContainerBase.java:919) ~[tomcat-embed-core-9.0.56.jar:9.0.56]
	at org.apache.catalina.core.StandardEngine.startInternal(StandardEngine.java:263) ~[tomcat-embed-core-9.0.56.jar:9.0.56]
	at org.apache.catalina.util.LifecycleBase.start(LifecycleBase.java:183) ~[tomcat-embed-core-9.0.56.jar:9.0.56]
	at org.apache.catalina.core.StandardService.startInternal(StandardService.java:432) ~[tomcat-embed-core-9.0.56.jar:9.0.56]
	at org.apache.catalina.util.LifecycleBase.start(LifecycleBase.java:183) ~[tomcat-embed-core-9.0.56.jar:9.0.56]
	at org.apache.catalina.core.StandardServer.startInternal(StandardServer.java:927) ~[tomcat-embed-core-9.0.56.jar:9.0.56]
	at org.apache.catalina.util.LifecycleBase.start(LifecycleBase.java:183) ~[tomcat-embed-core-9.0.56.jar:9.0.56]
	at org.apache.catalina.startup.Tomcat.start(Tomcat.java:486) ~[tomcat-embed-core-9.0.56.jar:9.0.56]
	at org.springframework.boot.web.embedded.tomcat.TomcatWebServer.initialize(TomcatWebServer.java:123) ~[spring-boot-2.5.8.jar:2.5.8]
	at org.springframework.boot.web.embedded.tomcat.TomcatWebServer.<init>(TomcatWebServer.java:104) ~[spring-boot-2.5.8.jar:2.5.8]
	at org.springframework.boot.web.embedded.tomcat.TomcatServletWebServerFactory.getTomcatWebServer(TomcatServletWebServerFactory.java:450) ~[spring-boot-2.5.8.jar:2.5.8]
	at org.springframework.boot.web.embedded.tomcat.TomcatServletWebServerFactory.getWebServer(TomcatServletWebServerFactory.java:199) ~[spring-boot-2.5.8.jar:2.5.8]
	at org.springframework.boot.web.servlet.context.ServletWebServerApplicationContext.createWebServer(ServletWebServerApplicationContext.java:182) ~[spring-boot-2.5.8.jar:2.5.8]
	at org.springframework.boot.web.servlet.context.ServletWebServerApplicationContext.onRefresh(ServletWebServerApplicationContext.java:160) ~[spring-boot-2.5.8.jar:2.5.8]
	at org.springframework.context.support.AbstractApplicationContext.refresh(AbstractApplicationContext.java:577) ~[spring-context-5.3.14.jar:5.3.14]
	at org.springframework.boot.web.servlet.context.ServletWebServerApplicationContext.refresh(ServletWebServerApplicationContext.java:145) ~[spring-boot-2.5.8.jar:2.5.8]
	at org.springframework.boot.SpringApplication.refresh(SpringApplication.java:765) ~[spring-boot-2.5.8.jar:2.5.8]
	at org.springframework.boot.SpringApplication.refreshContext(SpringApplication.java:445) ~[spring-boot-2.5.8.jar:2.5.8]
	at org.springframework.boot.SpringApplication.run(SpringApplication.java:338) ~[spring-boot-2.5.8.jar:2.5.8]
	at org.springframework.boot.SpringApplication.run(SpringApplication.java:1354) ~[spring-boot-2.5.8.jar:2.5.8]
	at org.springframework.boot.SpringApplication.run(SpringApplication.java:1343) ~[spring-boot-2.5.8.jar:2.5.8]
	at com.amazon.admin.ShopmeBackEndApplication.main(ShopmeBackEndApplication.java:12) ~[classes/:na]
	at java.base/jdk.internal.reflect.NativeMethodAccessorImpl.invoke0(Native Method) ~[na:na]
	at java.base/jdk.internal.reflect.NativeMethodAccessorImpl.invoke(NativeMethodAccessorImpl.java:64) ~[na:na]
	at java.base/jdk.internal.reflect.DelegatingMethodAccessorImpl.invoke(DelegatingMethodAccessorImpl.java:43) ~[na:na]
	at java.base/java.lang.reflect.Method.invoke(Method.java:564) ~[na:na]
	at org.springframework.boot.devtools.restart.RestartLauncher.run(RestartLauncher.java:49) ~[spring-boot-devtools-2.5.8.jar:2.5.8]

2022-04-04 20:36:46.219  INFO 6492 --- [restartedMain] o.hibernate.jpa.internal.util.LogHelper  : HHH000204: Processing PersistenceUnitInfo [name: default]
2022-04-04 20:36:46.223  INFO 6492 --- [restartedMain] com.zaxxer.hikari.HikariDataSource       : HikariPool-2 - Starting...
2022-04-04 20:36:49.763  INFO 6492 --- [restartedMain] com.zaxxer.hikari.HikariDataSource       : HikariPool-2 - Start completed.
2022-04-04 20:36:49.763  INFO 6492 --- [restartedMain] org.hibernate.dialect.Dialect            : HHH000400: Using dialect: org.hibernate.dialect.MySQL5Dialect
2022-04-04 20:37:11.062  INFO 6492 --- [restartedMain] o.h.e.t.j.p.i.JtaPlatformInitiator       : HHH000490: Using JtaPlatform implementation: [org.hibernate.engine.transaction.jta.platform.internal.NoJtaPlatform]
2022-04-04 20:37:11.064  INFO 6492 --- [restartedMain] j.LocalContainerEntityManagerFactoryBean : Initialized JPA EntityManagerFactory for persistence unit 'default'
2022-04-04 20:37:11.203  WARN 6492 --- [restartedMain] JpaBaseConfiguration$JpaWebConfiguration : spring.jpa.open-in-view is enabled by default. Therefore, database queries may be performed during view rendering. Explicitly configure spring.jpa.open-in-view to disable this warning
2022-04-04 20:37:11.397  INFO 6492 --- [restartedMain] o.s.s.web.DefaultSecurityFilterChain     : Will secure Ant [pattern='/images/**'] with []
2022-04-04 20:37:11.397  INFO 6492 --- [restartedMain] o.s.s.web.DefaultSecurityFilterChain     : Will secure Ant [pattern='/js/**'] with []
2022-04-04 20:37:11.398  INFO 6492 --- [restartedMain] o.s.s.web.DefaultSecurityFilterChain     : Will secure Ant [pattern='/webjars/**'] with []
2022-04-04 20:37:11.403  INFO 6492 --- [restartedMain] o.s.s.web.DefaultSecurityFilterChain     : Will secure any request with [org.springframework.security.web.context.request.async.WebAsyncManagerIntegrationFilter@39a280aa, org.springframework.security.web.context.SecurityContextPersistenceFilter@605d28d9, org.springframework.security.web.header.HeaderWriterFilter@66788a3e, org.springframework.security.web.csrf.CsrfFilter@4d69b9db, org.springframework.security.web.authentication.logout.LogoutFilter@4c2ad00a, org.springframework.security.web.authentication.UsernamePasswordAuthenticationFilter@492dc43f, org.springframework.security.web.savedrequest.RequestCacheAwareFilter@297a029f, org.springframework.security.web.servletapi.SecurityContextHolderAwareRequestFilter@b7154f4, org.springframework.security.web.authentication.rememberme.RememberMeAuthenticationFilter@1b05fbd7, org.springframework.security.web.authentication.AnonymousAuthenticationFilter@63c093cb, org.springframework.security.web.session.SessionManagementFilter@607ae26c, org.springframework.security.web.access.ExceptionTranslationFilter@1a6a7095, org.springframework.security.web.access.intercept.FilterSecurityInterceptor@51be479]
2022-04-04 20:37:11.445  INFO 6492 --- [restartedMain] o.s.b.a.w.s.WelcomePageHandlerMapping    : Adding welcome page template: index
2022-04-04 20:37:11.660  INFO 6492 --- [restartedMain] o.s.b.d.a.OptionalLiveReloadServer       : LiveReload server is running on port 35729
2022-04-04 20:37:11.668  INFO 6492 --- [restartedMain] o.s.b.w.embedded.tomcat.TomcatWebServer  : Tomcat started on port(s): 5000 (http) with context path ''
2022-04-04 20:37:11.672  INFO 6492 --- [restartedMain] c.amazon.admin.ShopmeBackEndApplication  : Started ShopmeBackEndApplication in 25.929 seconds (JVM running for 4317.135)
2022-04-04 20:37:11.674  INFO 6492 --- [restartedMain] .ConditionEvaluationDeltaLoggingListener : Condition evaluation unchanged
2022-04-04 20:37:14.161  INFO 6492 --- [Thread-7] j.LocalContainerEntityManagerFactoryBean : Closing JPA EntityManagerFactory for persistence unit 'default'
2022-04-04 20:37:14.162  INFO 6492 --- [Thread-7] com.zaxxer.hikari.HikariDataSource       : HikariPool-2 - Shutdown initiated...
2022-04-04 20:37:16.713  INFO 6492 --- [Thread-7] com.zaxxer.hikari.HikariDataSource       : HikariPool-2 - Shutdown completed.
2022-04-04 20:37:16.797  INFO 6492 --- [restartedMain] c.amazon.admin.ShopmeBackEndApplication  : Starting ShopmeBackEndApplication using Java 15.0.1 on LAPTOP-V2S0O4IS with PID 6492 (D:\ArunWorkspace\ShoppingCartApplication_workspace\ShopmeProject\ShopmeWebParent\ShopmeBackEnd\target\classes started by arunk in D:\ArunWorkspace\ShoppingCartApplication_workspace\ShopmeProject\ShopmeWebParent\ShopmeBackEnd)
2022-04-04 20:37:16.797  INFO 6492 --- [restartedMain] c.amazon.admin.ShopmeBackEndApplication  : No active profile set, falling back to default profiles: default
2022-04-04 20:37:16.928  INFO 6492 --- [restartedMain] .s.d.r.c.RepositoryConfigurationDelegate : Bootstrapping Spring Data JPA repositories in DEFAULT mode.
2022-04-04 20:37:16.959  INFO 6492 --- [restartedMain] .s.d.r.c.RepositoryConfigurationDelegate : Finished Spring Data repository scanning in 30 ms. Found 12 JPA repository interfaces.
2022-04-04 20:37:17.039  INFO 6492 --- [restartedMain] o.s.b.w.embedded.tomcat.TomcatWebServer  : Tomcat initialized with port(s): 5000 (http)
2022-04-04 20:37:17.040  INFO 6492 --- [restartedMain] o.apache.catalina.core.StandardService   : Starting service [Tomcat]
2022-04-04 20:37:17.040  INFO 6492 --- [restartedMain] org.apache.catalina.core.StandardEngine  : Starting Servlet engine: [Apache Tomcat/9.0.56]
2022-04-04 20:37:17.053  INFO 6492 --- [restartedMain] o.a.c.c.C.[Tomcat].[localhost].[/]       : Initializing Spring embedded WebApplicationContext
2022-04-04 20:37:17.053  INFO 6492 --- [restartedMain] w.s.c.ServletWebServerApplicationContext : Root WebApplicationContext: initialization completed in 253 ms
2022-04-04 20:37:17.078  INFO 6492 --- [restartedMain] o.hibernate.jpa.internal.util.LogHelper  : HHH000204: Processing PersistenceUnitInfo [name: default]
2022-04-04 20:37:17.081  INFO 6492 --- [restartedMain] com.zaxxer.hikari.HikariDataSource       : HikariPool-3 - Starting...
